# JRE version: Java(TM) SE Runtime Environment (24.0.1+9) (build 24.0.1+9-30)
# Java VM: Java HotSpot(TM) 64-Bit Server VM (24.0.1+9-30, mixed mode, sharing, tiered, compressed oops, compressed class ptrs, g1 gc, windows-amd64)
GC Precious Log:
 CardTable entry size: 512
 Card Set container configuration: InlinePtr #cards 4 size 8 Array Of Cards #cards 32 size 80 Howl #buckets 8 coarsen threshold 7372 Howl Bitmap #cards 1024 size 144 coarsen threshold 921 Card regions per heap region 1 cards per card region 8192
 CPUs: 4 total, 4 available
 Memory: 3534M
 Large Page Support: Disabled
 NUMA Support: Disabled
 Compressed Oops: Enabled (Zero based)
 Heap Region Size: 4M
 Heap Min Capacity: 8M
 Heap Initial Capacity: 56M
 Heap Max Capacity: 8G
 Pre-touch: Disabled
 Parallel Workers: 4
 Concurrent Workers: 1
 Concurrent Refinement Workers: 4
 Periodic GC: Disabled
Heap:
 garbage-first heap   total reserved 8388608K, committed 602112K, used 215597K [0x0000000600000000, 0x0000000800000000)
  region size 4096K, 5 young (20480K), 5 survivors (20480K)
 Metaspace       used 158066K, committed 160768K, reserved 1245184K
  class space    used 17237K, committed 18496K, reserved 1048576K
GC Heap History (20 events):
Event: 318.891 GC heap after
{Heap after GC invocations=107 (full 0):
 garbage-first heap   total reserved 8388608K, committed 499712K, used 212596K [0x0000000600000000, 0x0000000800000000)
  region size 4096K, 5 young (20480K), 5 survivors (20480K)
 Metaspace       used 157789K, committed 160448K, reserved 1245184K
  class space    used 17222K, committed 18496K, reserved 1048576K
}
Event: 320.030 GC heap before
{Heap before GC invocations=107 (full 0):
 garbage-first heap   total reserved 8388608K, committed 499712K, used 441972K [0x0000000600000000, 0x0000000800000000)
  region size 4096K, 62 young (253952K), 5 survivors (20480K)
 Metaspace       used 157792K, committed 160448K, reserved 1245184K
  class space    used 17222K, committed 18496K, reserved 1048576K
}
Event: 320.056 GC heap after
{Heap after GC invocations=108 (full 0):
 garbage-first heap   total reserved 8388608K, committed 499712K, used 214315K [0x0000000600000000, 0x0000000800000000)
  region size 4096K, 5 young (20480K), 5 survivors (20480K)
 Metaspace       used 157792K, committed 160448K, reserved 1245184K
  class space    used 17222K, committed 18496K, reserved 1048576K
}
Event: 321.608 GC heap before
{Heap before GC invocations=108 (full 0):
 garbage-first heap   total reserved 8388608K, committed 499712K, used 447787K [0x0000000600000000, 0x0000000800000000)
  region size 4096K, 62 young (253952K), 5 survivors (20480K)
 Metaspace       used 157794K, committed 160448K, reserved 1245184K
  class space    used 17222K, committed 18496K, reserved 1048576K
}
Event: 321.635 GC heap after
{Heap after GC invocations=109 (full 0):
 garbage-first heap   total reserved 8388608K, committed 499712K, used 221276K [0x0000000600000000, 0x0000000800000000)
  region size 4096K, 6 young (24576K), 6 survivors (24576K)
 Metaspace       used 157794K, committed 160448K, reserved 1245184K
  class space    used 17222K, committed 18496K, reserved 1048576K
}
Event: 323.750 GC heap before
{Heap before GC invocations=109 (full 0):
 garbage-first heap   total reserved 8388608K, committed 499712K, used 442460K [0x0000000600000000, 0x0000000800000000)
  region size 4096K, 60 young (245760K), 6 survivors (24576K)
 Metaspace       used 157794K, committed 160448K, reserved 1245184K
  class space    used 17222K, committed 18496K, reserved 1048576K
}
Event: 323.793 GC heap after
{Heap after GC invocations=110 (full 0):
 garbage-first heap   total reserved 8388608K, committed 602112K, used 218484K [0x0000000600000000, 0x0000000800000000)
  region size 4096K, 5 young (20480K), 5 survivors (20480K)
 Metaspace       used 157794K, committed 160448K, reserved 1245184K
  class space    used 17222K, committed 18496K, reserved 1048576K
}
Event: 329.821 GC heap before
{Heap before GC invocations=111 (full 0):
 garbage-first heap   total reserved 8388608K, committed 602112K, used 529780K [0x0000000600000000, 0x0000000800000000)
  region size 4096K, 81 young (331776K), 5 survivors (20480K)
 Metaspace       used 157810K, committed 160512K, reserved 1245184K
  class space    used 17224K, committed 18496K, reserved 1048576K
}
Event: 329.840 GC heap after
{Heap after GC invocations=112 (full 0):
 garbage-first heap   total reserved 8388608K, committed 602112K, used 207711K [0x0000000600000000, 0x0000000800000000)
  region size 4096K, 3 young (12288K), 3 survivors (12288K)
 Metaspace       used 157810K, committed 160512K, reserved 1245184K
  class space    used 17224K, committed 18496K, reserved 1048576K
}
Event: 334.427 GC heap before
{Heap before GC invocations=112 (full 0):
 garbage-first heap   total reserved 8388608K, committed 602112K, used 502623K [0x0000000600000000, 0x0000000800000000)
  region size 4096K, 75 young (307200K), 3 survivors (12288K)
 Metaspace       used 157871K, committed 160640K, reserved 1245184K
  class space    used 17226K, committed 18496K, reserved 1048576K
}
Event: 334.470 GC heap after
{Heap after GC invocations=113 (full 0):
 garbage-first heap   total reserved 8388608K, committed 602112K, used 209049K [0x0000000600000000, 0x0000000800000000)
  region size 4096K, 4 young (16384K), 4 survivors (16384K)
 Metaspace       used 157871K, committed 160640K, reserved 1245184K
  class space    used 17226K, committed 18496K, reserved 1048576K
}
Event: 335.396 GC heap before
{Heap before GC invocations=113 (full 0):
 garbage-first heap   total reserved 8388608K, committed 602112K, used 516249K [0x0000000600000000, 0x0000000800000000)
  region size 4096K, 80 young (327680K), 4 survivors (16384K)
 Metaspace       used 157873K, committed 160640K, reserved 1245184K
  class space    used 17227K, committed 18496K, reserved 1048576K
}
Event: 335.425 GC heap after
{Heap after GC invocations=114 (full 0):
 garbage-first heap   total reserved 8388608K, committed 602112K, used 210894K [0x0000000600000000, 0x0000000800000000)
  region size 4096K, 4 young (16384K), 4 survivors (16384K)
 Metaspace       used 157873K, committed 160640K, reserved 1245184K
  class space    used 17227K, committed 18496K, reserved 1048576K
}
Event: 337.468 GC heap before
{Heap before GC invocations=114 (full 0):
 garbage-first heap   total reserved 8388608K, committed 602112K, used 530382K [0x0000000600000000, 0x0000000800000000)
  region size 4096K, 82 young (335872K), 4 survivors (16384K)
 Metaspace       used 157921K, committed 160640K, reserved 1245184K
  class space    used 17227K, committed 18496K, reserved 1048576K
}
Event: 337.494 GC heap after
{Heap after GC invocations=115 (full 0):
 garbage-first heap   total reserved 8388608K, committed 602112K, used 209472K [0x0000000600000000, 0x0000000800000000)
  region size 4096K, 4 young (16384K), 4 survivors (16384K)
 Metaspace       used 157921K, committed 160640K, reserved 1245184K
  class space    used 17227K, committed 18496K, reserved 1048576K
}
Event: 340.250 GC heap before
{Heap before GC invocations=115 (full 0):
 garbage-first heap   total reserved 8388608K, committed 602112K, used 533056K [0x0000000600000000, 0x0000000800000000)
  region size 4096K, 83 young (339968K), 4 survivors (16384K)
 Metaspace       used 157931K, committed 160640K, reserved 1245184K
  class space    used 17227K, committed 18496K, reserved 1048576K
}
Event: 340.282 GC heap after
{Heap after GC invocations=116 (full 0):
 garbage-first heap   total reserved 8388608K, committed 602112K, used 217011K [0x0000000600000000, 0x0000000800000000)
  region size 4096K, 5 young (20480K), 5 survivors (20480K)
 Metaspace       used 157931K, committed 160640K, reserved 1245184K
  class space    used 17227K, committed 18496K, reserved 1048576K
}
Event: 342.489 GC heap before
{Heap before GC invocations=116 (full 0):
 garbage-first heap   total reserved 8388608K, committed 602112K, used 540595K [0x0000000600000000, 0x0000000800000000)
  region size 4096K, 84 young (344064K), 5 survivors (20480K)
 Metaspace       used 158047K, committed 160768K, reserved 1245184K
  class space    used 17237K, committed 18496K, reserved 1048576K
}
Event: 342.517 GC heap after
{Heap after GC invocations=117 (full 0):
 garbage-first heap   total reserved 8388608K, committed 602112K, used 212372K [0x0000000600000000, 0x0000000800000000)
  region size 4096K, 5 young (20480K), 5 survivors (20480K)
 Metaspace       used 158047K, committed 160768K, reserved 1245184K
  class space    used 17237K, committed 18496K, reserved 1048576K
}
Event: 348.496 GC heap before
{Heap before GC invocations=117 (full 0):
 garbage-first heap   total reserved 8388608K, committed 602112K, used 540052K [0x0000000600000000, 0x0000000800000000)
  region size 4096K, 86 young (352256K), 5 survivors (20480K)
 Metaspace       used 158066K, committed 160768K, reserved 1245184K
  class space    used 17237K, committed 18496K, reserved 1048576K
}

